<?xml version="1.0" encoding="UTF-8"?>
<!-- Generated by org.testng.reporters.JUnitXMLReporter -->
<testsuite ignored="2" hostname="DESKTOP-J9JQ713" failures="0" tests="2" name="QA" time="30.867" errors="0" timestamp="19 Oct 2022 19:49:31 GMT">
  <testcase classname="script.ValidLogin" name="testValidLogin" time="5.791"/>
  <testcase classname="script.InvalidLogin" name="testInvalidLogin" time="2.174"/>
  <testcase classname="generic.BaseTest" name="@BeforeSuite createReport" time="0.0">
    <ignored/>
  </testcase> <!-- @BeforeSuite createReport -->
  <testcase classname="generic.BaseTest" name="@AfterSuite publishReport" time="0.0">
    <ignored/>
  </testcase> <!-- @AfterSuite publishReport -->
</testsuite> <!-- QA -->
