<?xml version="1.0" encoding="UTF-8"?>
<testng-results ignored="0" total="1" passed="1" failed="0" skipped="0">
  <reporter-output>
  </reporter-output>
  <suite started-at="2022-07-26T03:40:17Z" name="Default suite" finished-at="2022-07-26T03:40:36Z" duration-ms="18672">
    <groups>
    </groups>
    <test started-at="2022-07-26T03:40:17Z" name="Default test" finished-at="2022-07-26T03:40:36Z" duration-ms="18672">
      <class name="script.ValidLogin">
        <test-method is-config="true" signature="createReport()[pri:0, instance:script.ValidLogin@48e1f6c7]" started-at="2022-07-26T03:40:17Z" name="createReport" finished-at="2022-07-26T03:40:17Z" duration-ms="320" status="PASS">
          <reporter-output>
          </reporter-output>
        </test-method> <!-- createReport -->
        <test-method is-config="true" signature="openApp(java.lang.reflect.Method, java.lang.String)[pri:0, instance:script.ValidLogin@48e1f6c7]" started-at="2022-07-26T03:40:17Z" name="openApp" finished-at="2022-07-26T03:40:30Z" duration-ms="13181" status="PASS">
          <params>
            <param index="0">
              <value>
                <![CDATA[public void script.ValidLogin.testValidLogin()]]>
              </value>
            </param>
            <param index="1">
              <value>
                <![CDATA[config.properties]]>
              </value>
            </param>
          </params>
          <reporter-output>
          </reporter-output>
        </test-method> <!-- openApp -->
        <test-method signature="testValidLogin()[pri:1, instance:script.ValidLogin@48e1f6c7]" started-at="2022-07-26T03:40:30Z" name="testValidLogin" finished-at="2022-07-26T03:40:34Z" duration-ms="3920" status="PASS">
          <reporter-output>
          </reporter-output>
        </test-method> <!-- testValidLogin -->
        <test-method is-config="true" signature="closeApp(org.testng.ITestResult)[pri:0, instance:script.ValidLogin@48e1f6c7]" started-at="2022-07-26T03:40:34Z" name="closeApp" finished-at="2022-07-26T03:40:36Z" duration-ms="1553" status="PASS">
          <params>
            <param index="0">
              <value>
                <![CDATA[[TestResult name=testValidLogin status=SUCCESS method=ValidLogin.testValidLogin()[pri:1, instance:script.ValidLogin@48e1f6c7] output={null}]]]>
              </value>
            </param>
          </params>
          <reporter-output>
          </reporter-output>
        </test-method> <!-- closeApp -->
        <test-method is-config="true" signature="publishReport()[pri:0, instance:script.ValidLogin@48e1f6c7]" started-at="2022-07-26T03:40:36Z" name="publishReport" finished-at="2022-07-26T03:40:36Z" duration-ms="338" status="PASS">
          <reporter-output>
          </reporter-output>
        </test-method> <!-- publishReport -->
      </class> <!-- script.ValidLogin -->
    </test> <!-- Default test -->
  </suite> <!-- Default suite -->
</testng-results>
