<?xml version="1.0" encoding="UTF-8"?>
<testng-results ignored="2" total="4" passed="2" failed="0" skipped="0">
  <reporter-output>
  </reporter-output>
  <suite started-at="2022-10-19T19:49:00Z" name="Suite" finished-at="2022-10-19T19:49:31Z" duration-ms="30867">
    <groups>
    </groups>
    <test started-at="2022-10-19T19:49:00Z" name="QA" finished-at="2022-10-19T19:49:31Z" duration-ms="30867">
      <class name="script.InvalidLogin">
        <test-method is-config="true" signature="createReport()[pri:0, instance:script.InvalidLogin@36c88a32]" started-at="2022-10-19T19:48:59Z" name="createReport" finished-at="2022-10-19T19:49:00Z" duration-ms="578" status="PASS">
          <reporter-output>
          </reporter-output>
        </test-method> <!-- createReport -->
        <test-method is-config="true" signature="openApp(java.lang.reflect.Method, java.lang.String)[pri:0, instance:script.InvalidLogin@36c88a32]" started-at="2022-10-19T19:49:21Z" name="openApp" finished-at="2022-10-19T19:49:28Z" duration-ms="7384" status="PASS">
          <params>
            <param index="0">
              <value>
                <![CDATA[public void script.InvalidLogin.testInvalidLogin()]]>
              </value>
            </param>
            <param index="1">
              <value>
                <![CDATA[config.properties]]>
              </value>
            </param>
          </params>
          <reporter-output>
          </reporter-output>
        </test-method> <!-- openApp -->
        <test-method signature="testInvalidLogin()[pri:2, instance:script.InvalidLogin@36c88a32]" started-at="2022-10-19T19:49:28Z" name="testInvalidLogin" finished-at="2022-10-19T19:49:30Z" duration-ms="2174" status="PASS">
          <reporter-output>
          </reporter-output>
        </test-method> <!-- testInvalidLogin -->
        <test-method is-config="true" signature="closeApp(org.testng.ITestResult)[pri:0, instance:script.InvalidLogin@36c88a32]" started-at="2022-10-19T19:49:30Z" name="closeApp" finished-at="2022-10-19T19:49:31Z" duration-ms="359" status="PASS">
          <params>
            <param index="0">
              <value>
                <![CDATA[[TestResult name=testInvalidLogin status=SUCCESS method=InvalidLogin.testInvalidLogin()[pri:2, instance:script.InvalidLogin@36c88a32] output={null}]]]>
              </value>
            </param>
          </params>
          <reporter-output>
          </reporter-output>
        </test-method> <!-- closeApp -->
        <test-method is-config="true" signature="publishReport()[pri:0, instance:script.InvalidLogin@36c88a32]" started-at="2022-10-19T19:49:31Z" name="publishReport" finished-at="2022-10-19T19:49:31Z" duration-ms="573" status="PASS">
          <reporter-output>
          </reporter-output>
        </test-method> <!-- publishReport -->
      </class> <!-- script.InvalidLogin -->
      <class name="script.ValidLogin">
        <test-method is-config="true" signature="openApp(java.lang.reflect.Method, java.lang.String)[pri:0, instance:script.ValidLogin@7880cdf3]" started-at="2022-10-19T19:49:00Z" name="openApp" finished-at="2022-10-19T19:49:15Z" duration-ms="14755" status="PASS">
          <params>
            <param index="0">
              <value>
                <![CDATA[public void script.ValidLogin.testValidLogin()]]>
              </value>
            </param>
            <param index="1">
              <value>
                <![CDATA[config.properties]]>
              </value>
            </param>
          </params>
          <reporter-output>
          </reporter-output>
        </test-method> <!-- openApp -->
        <test-method signature="testValidLogin()[pri:1, instance:script.ValidLogin@7880cdf3]" started-at="2022-10-19T19:49:15Z" name="testValidLogin" finished-at="2022-10-19T19:49:20Z" duration-ms="5791" status="PASS">
          <reporter-output>
          </reporter-output>
        </test-method> <!-- testValidLogin -->
        <test-method is-config="true" signature="closeApp(org.testng.ITestResult)[pri:0, instance:script.ValidLogin@7880cdf3]" started-at="2022-10-19T19:49:20Z" name="closeApp" finished-at="2022-10-19T19:49:21Z" duration-ms="367" status="PASS">
          <params>
            <param index="0">
              <value>
                <![CDATA[[TestResult name=testValidLogin status=SUCCESS method=ValidLogin.testValidLogin()[pri:1, instance:script.ValidLogin@7880cdf3] output={null}]]]>
              </value>
            </param>
          </params>
          <reporter-output>
          </reporter-output>
        </test-method> <!-- closeApp -->
      </class> <!-- script.ValidLogin -->
    </test> <!-- QA -->
  </suite> <!-- Suite -->
</testng-results>
